0 info it worked if it ends with ok
1 verbose cli [ 'node', '/usr/local/bin/npm', 'publish' ]
2 info using npm@1.3.11
3 info using node@v0.10.21
4 verbose publish [ '.' ]
5 verbose cache add [ '.', null ]
6 verbose cache add name=undefined spec="." args=[".",null]
7 verbose parsed url { protocol: null,
7 verbose parsed url   slashes: null,
7 verbose parsed url   auth: null,
7 verbose parsed url   host: null,
7 verbose parsed url   port: null,
7 verbose parsed url   hostname: null,
7 verbose parsed url   hash: null,
7 verbose parsed url   search: null,
7 verbose parsed url   query: null,
7 verbose parsed url   pathname: '.',
7 verbose parsed url   path: '.',
7 verbose parsed url   href: '.' }
8 silly lockFile 3a52ce78- .
9 verbose lock . /Users/k33g_org/.npm/3a52ce78-.lock
10 verbose tar pack [ '/Users/k33g_org/tmp/npm-54952-awzTKjCJ/1391885544789-0.43536368338391185/tmp.tgz',
10 verbose tar pack   '.' ]
11 verbose tarball /Users/k33g_org/tmp/npm-54952-awzTKjCJ/1391885544789-0.43536368338391185/tmp.tgz
12 verbose folder .
13 silly lockFile 1f1177db-tar tar://.
14 verbose lock tar://. /Users/k33g_org/.npm/1f1177db-tar.lock
15 silly lockFile 8a5d8e2e-4789-0-43536368338391185-tmp-tgz tar:///Users/k33g_org/tmp/npm-54952-awzTKjCJ/1391885544789-0.43536368338391185/tmp.tgz
16 verbose lock tar:///Users/k33g_org/tmp/npm-54952-awzTKjCJ/1391885544789-0.43536368338391185/tmp.tgz /Users/k33g_org/.npm/8a5d8e2e-4789-0-43536368338391185-tmp-tgz.lock
17 silly lockFile 1f1177db-tar tar://.
18 silly lockFile 1f1177db-tar tar://.
19 silly lockFile 8a5d8e2e-4789-0-43536368338391185-tmp-tgz tar:///Users/k33g_org/tmp/npm-54952-awzTKjCJ/1391885544789-0.43536368338391185/tmp.tgz
20 silly lockFile 8a5d8e2e-4789-0-43536368338391185-tmp-tgz tar:///Users/k33g_org/tmp/npm-54952-awzTKjCJ/1391885544789-0.43536368338391185/tmp.tgz
21 verbose tar unpack /Users/k33g_org/tmp/npm-54952-awzTKjCJ/1391885544789-0.43536368338391185/tmp.tgz
22 silly lockFile 0d2006a2-4789-0-43536368338391185-package tar:///Users/k33g_org/tmp/npm-54952-awzTKjCJ/1391885544789-0.43536368338391185/package
23 verbose lock tar:///Users/k33g_org/tmp/npm-54952-awzTKjCJ/1391885544789-0.43536368338391185/package /Users/k33g_org/.npm/0d2006a2-4789-0-43536368338391185-package.lock
24 silly lockFile 8a5d8e2e-4789-0-43536368338391185-tmp-tgz tar:///Users/k33g_org/tmp/npm-54952-awzTKjCJ/1391885544789-0.43536368338391185/tmp.tgz
25 verbose lock tar:///Users/k33g_org/tmp/npm-54952-awzTKjCJ/1391885544789-0.43536368338391185/tmp.tgz /Users/k33g_org/.npm/8a5d8e2e-4789-0-43536368338391185-tmp-tgz.lock
26 silly gunzTarPerm modes [ '755', '644' ]
27 silly gunzTarPerm extractEntry package.json
28 silly gunzTarPerm extractEntry .npmignore
29 silly gunzTarPerm extractEntry README.md
30 silly gunzTarPerm extractEntry LICENSE
31 silly gunzTarPerm extractEntry tools.js
32 silly gunzTarPerm extractEntry .travis.yml
33 silly gunzTarPerm extractEntry .editorconfig
34 silly gunzTarPerm extractEntry app/index.js
35 silly gunzTarPerm extractEntry app/templates/About.js
36 silly gunzTarPerm extractEntry app/templates/db.js
37 silly gunzTarPerm extractEntry app/templates/Application.js
38 silly gunzTarPerm extractEntry app/templates/all.routes.js
39 silly gunzTarPerm extractEntry app/templates/all.components.js
40 silly gunzTarPerm extractEntry app/templates/main.js
41 silly gunzTarPerm extractEntry app/templates/app.js
42 silly gunzTarPerm extractEntry app/templates/about_my_app.md
43 silly gunzTarPerm extractEntry app/templates/about_how_to.md
44 silly gunzTarPerm extractEntry app/templates/_package.json
45 silly gunzTarPerm extractEntry app/templates/bowerrc
46 silly gunzTarPerm extractEntry app/templates/_bower.json
47 silly gunzTarPerm extractEntry app/templates/editorconfig
48 silly gunzTarPerm extractEntry app/templates/gitignore
49 silly gunzTarPerm extractEntry app/templates/index.html
50 silly gunzTarPerm extractEntry app/templates/jshintrc
51 silly gunzTarPerm extractEntry .gitattributes
52 silly gunzTarPerm extractEntry list/index.js
53 silly gunzTarPerm extractEntry list/templates/list.js
54 silly gunzTarPerm extractEntry mgroutes/index.js
55 silly gunzTarPerm extractEntry mgroutes/templates/controller.js
56 silly gunzTarPerm extractEntry mgroutes/templates/model.js
57 silly gunzTarPerm extractEntry mgroutes/templates/routes.js
58 silly gunzTarPerm extractEntry test/test-creation.js
59 silly gunzTarPerm extractEntry test/test-load.js
60 silly gunzTarPerm extractEntry .jshintrc
61 silly gunzTarPerm extractEntry shell/index.js
62 silly gunzTarPerm extractEntry shell/templates/shell.js
63 silly gunzTarPerm extractEntry tab/index.js
64 silly gunzTarPerm extractEntry tab/templates/tab.js
65 silly gunzTarPerm extractEntry table/index.js
66 silly gunzTarPerm extractEntry table/templates/table.js
67 silly gunzTarPerm extractEntry form/index.js
68 silly gunzTarPerm extractEntry form/templates/form.js
69 silly lockFile 0d2006a2-4789-0-43536368338391185-package tar:///Users/k33g_org/tmp/npm-54952-awzTKjCJ/1391885544789-0.43536368338391185/package
70 silly lockFile 0d2006a2-4789-0-43536368338391185-package tar:///Users/k33g_org/tmp/npm-54952-awzTKjCJ/1391885544789-0.43536368338391185/package
71 silly lockFile 8a5d8e2e-4789-0-43536368338391185-tmp-tgz tar:///Users/k33g_org/tmp/npm-54952-awzTKjCJ/1391885544789-0.43536368338391185/tmp.tgz
72 silly lockFile 8a5d8e2e-4789-0-43536368338391185-tmp-tgz tar:///Users/k33g_org/tmp/npm-54952-awzTKjCJ/1391885544789-0.43536368338391185/tmp.tgz
73 verbose tar pack [ '/Users/k33g_org/.npm/generator-react-app/0.0.0/package.tgz',
73 verbose tar pack   '/Users/k33g_org/tmp/npm-54952-awzTKjCJ/1391885544789-0.43536368338391185/package' ]
74 verbose tarball /Users/k33g_org/.npm/generator-react-app/0.0.0/package.tgz
75 verbose folder /Users/k33g_org/tmp/npm-54952-awzTKjCJ/1391885544789-0.43536368338391185/package
76 silly lockFile 0d2006a2-4789-0-43536368338391185-package tar:///Users/k33g_org/tmp/npm-54952-awzTKjCJ/1391885544789-0.43536368338391185/package
77 verbose lock tar:///Users/k33g_org/tmp/npm-54952-awzTKjCJ/1391885544789-0.43536368338391185/package /Users/k33g_org/.npm/0d2006a2-4789-0-43536368338391185-package.lock
78 silly lockFile 37959403-ator-react-app-0-0-0-package-tgz tar:///Users/k33g_org/.npm/generator-react-app/0.0.0/package.tgz
79 verbose lock tar:///Users/k33g_org/.npm/generator-react-app/0.0.0/package.tgz /Users/k33g_org/.npm/37959403-ator-react-app-0-0-0-package-tgz.lock
80 silly lockFile 0d2006a2-4789-0-43536368338391185-package tar:///Users/k33g_org/tmp/npm-54952-awzTKjCJ/1391885544789-0.43536368338391185/package
81 silly lockFile 0d2006a2-4789-0-43536368338391185-package tar:///Users/k33g_org/tmp/npm-54952-awzTKjCJ/1391885544789-0.43536368338391185/package
82 silly lockFile 37959403-ator-react-app-0-0-0-package-tgz tar:///Users/k33g_org/.npm/generator-react-app/0.0.0/package.tgz
83 silly lockFile 37959403-ator-react-app-0-0-0-package-tgz tar:///Users/k33g_org/.npm/generator-react-app/0.0.0/package.tgz
84 silly lockFile f75990cd-enerator-react-app-0-0-0-package /Users/k33g_org/.npm/generator-react-app/0.0.0/package
85 verbose lock /Users/k33g_org/.npm/generator-react-app/0.0.0/package /Users/k33g_org/.npm/f75990cd-enerator-react-app-0-0-0-package.lock
86 silly lockFile f75990cd-enerator-react-app-0-0-0-package /Users/k33g_org/.npm/generator-react-app/0.0.0/package
87 silly lockFile f75990cd-enerator-react-app-0-0-0-package /Users/k33g_org/.npm/generator-react-app/0.0.0/package
88 verbose tar unpack /Users/k33g_org/.npm/generator-react-app/0.0.0/package.tgz
89 silly lockFile 63731df2-enerator-react-app-0-0-0-package tar:///Users/k33g_org/.npm/generator-react-app/0.0.0/package
90 verbose lock tar:///Users/k33g_org/.npm/generator-react-app/0.0.0/package /Users/k33g_org/.npm/63731df2-enerator-react-app-0-0-0-package.lock
91 silly lockFile 37959403-ator-react-app-0-0-0-package-tgz tar:///Users/k33g_org/.npm/generator-react-app/0.0.0/package.tgz
92 verbose lock tar:///Users/k33g_org/.npm/generator-react-app/0.0.0/package.tgz /Users/k33g_org/.npm/37959403-ator-react-app-0-0-0-package-tgz.lock
93 silly gunzTarPerm modes [ '755', '644' ]
94 silly gunzTarPerm extractEntry package.json
95 silly gunzTarPerm extractEntry .npmignore
96 silly gunzTarPerm extractEntry README.md
97 silly gunzTarPerm extractEntry LICENSE
98 silly gunzTarPerm extractEntry tools.js
99 silly gunzTarPerm extractEntry .jshintrc
100 silly gunzTarPerm extractEntry .editorconfig
101 silly gunzTarPerm extractEntry app/index.js
102 silly gunzTarPerm extractEntry app/templates/About.js
103 silly gunzTarPerm extractEntry app/templates/db.js
104 silly gunzTarPerm extractEntry app/templates/Application.js
105 silly gunzTarPerm extractEntry app/templates/all.routes.js
106 silly gunzTarPerm extractEntry app/templates/all.components.js
107 silly gunzTarPerm extractEntry app/templates/main.js
108 silly gunzTarPerm extractEntry app/templates/app.js
109 silly gunzTarPerm extractEntry app/templates/about_my_app.md
110 silly gunzTarPerm extractEntry app/templates/about_how_to.md
111 silly gunzTarPerm extractEntry app/templates/_package.json
112 silly gunzTarPerm extractEntry app/templates/bowerrc
113 silly gunzTarPerm extractEntry app/templates/_bower.json
114 silly gunzTarPerm extractEntry app/templates/editorconfig
115 silly gunzTarPerm extractEntry app/templates/gitignore
116 silly gunzTarPerm extractEntry app/templates/index.html
117 silly gunzTarPerm extractEntry app/templates/jshintrc
118 silly gunzTarPerm extractEntry .gitattributes
119 silly gunzTarPerm extractEntry list/index.js
120 silly gunzTarPerm extractEntry list/templates/list.js
121 silly gunzTarPerm extractEntry mgroutes/index.js
122 silly gunzTarPerm extractEntry mgroutes/templates/controller.js
123 silly gunzTarPerm extractEntry mgroutes/templates/model.js
124 silly gunzTarPerm extractEntry mgroutes/templates/routes.js
125 silly gunzTarPerm extractEntry .travis.yml
126 silly gunzTarPerm extractEntry shell/index.js
127 silly gunzTarPerm extractEntry shell/templates/shell.js
128 silly gunzTarPerm extractEntry tab/index.js
129 silly gunzTarPerm extractEntry tab/templates/tab.js
130 silly gunzTarPerm extractEntry table/index.js
131 silly gunzTarPerm extractEntry table/templates/table.js
132 silly gunzTarPerm extractEntry test/test-creation.js
133 silly gunzTarPerm extractEntry test/test-load.js
134 silly gunzTarPerm extractEntry form/index.js
135 silly gunzTarPerm extractEntry form/templates/form.js
136 silly lockFile 63731df2-enerator-react-app-0-0-0-package tar:///Users/k33g_org/.npm/generator-react-app/0.0.0/package
137 silly lockFile 63731df2-enerator-react-app-0-0-0-package tar:///Users/k33g_org/.npm/generator-react-app/0.0.0/package
138 silly lockFile 37959403-ator-react-app-0-0-0-package-tgz tar:///Users/k33g_org/.npm/generator-react-app/0.0.0/package.tgz
139 silly lockFile 37959403-ator-react-app-0-0-0-package-tgz tar:///Users/k33g_org/.npm/generator-react-app/0.0.0/package.tgz
140 verbose chmod /Users/k33g_org/.npm/generator-react-app/0.0.0/package.tgz 644
141 verbose chown /Users/k33g_org/.npm/generator-react-app/0.0.0/package.tgz [ 501, 20 ]
142 silly lockFile 3a52ce78- .
143 silly lockFile 3a52ce78- .
144 silly publish { name: 'generator-react-app',
144 silly publish   version: '0.0.0',
144 silly publish   description: 'A generator for Yeoman with React, jQuery, Bootstrap, Express and Mongoose',
144 silly publish   keywords:
144 silly publish    [ 'yeoman-generator',
144 silly publish      'react',
144 silly publish      'bootstrap',
144 silly publish      'mongoose',
144 silly publish      'express',
144 silly publish      'jquery' ],
144 silly publish   homepage: 'https://github.com/k33g/generator-react-app',
144 silly publish   bugs: { url: 'https://github.com/k33g/generator-react-app/issues' },
144 silly publish   author:
144 silly publish    { name: '@k33g_org',
144 silly publish      email: 'ph.charriere@gmail.com',
144 silly publish      url: 'https://github.com/k33g' },
144 silly publish   main: 'app/index.js',
144 silly publish   repository:
144 silly publish    { type: 'git',
144 silly publish      url: 'git://github.com/k33g/generator-react-app.git' },
144 silly publish   scripts: { test: 'mocha' },
144 silly publish   dependencies: { 'yeoman-generator': '~0.14.0' },
144 silly publish   devDependencies: { mocha: '~1.14.0' },
144 silly publish   peerDependencies: { yo: '>=1.0.0' },
144 silly publish   engines: { node: '>=0.8.0', npm: '>=1.2.10' },
144 silly publish   licenses: [ { type: 'MIT' } ],
144 silly publish   readme: '#generator-react-app\n\nA generator for [Yeoman](http://yeoman.io).\n\nWhat can i do with it ?\n\n- generate single page application with [React](http://facebook.github.io/react/index.html), jQuery and Bootstrap.\n- generate Mongoose + Express project\n- generate some React components (some linked to data source) (more to come)\n\n\n##Getting Started\n\n###Install\n\nTo install generator-react-app from npm, run:\n\n```\n$ npm install -g generator-react-app\n```\n\n###Create an application\n\n####1-ignition\n\n    mkdir myapp\n    cd myapp\n    yo react-app\n\n####2-generate\n\n     _____             _       _____\n    | __  |___ ___ ___| |_ ___|  _  |___ ___\n    |    -| -_| .\'|  _|  _|___|     | . | . |\n    |__|__|___|__,|___|_|     |__|__|  _|  _|\n                                    |_| |_|\n    Hi! This is a React-Express-Mongoose Generator :) Enjoy!\n    [?] Application name? MyApplication\n    [?] DataBase name? mydatabase\n\nType your application name (ie: `MyApplication`), then database name (ie: `mydatabase`) and valid, and wait ...\n\n####3-first launch\n\n- start MongoDb (`mongod`)\n- start Application : `node app.js` (use node monitor it\'s useful)\n- open your webapp : [http://localhost:3000](http://localhost:3000)\n\n###Add Express routes, Mongoose Schemas, models and controllers (back side)\n\nType `yo react-app:mgroutes Human` (where `Human` is the model name), then describe schema and url (keep default value)\n\n    [?] mongoose schema (ie: name: String, remark: String)? firstName : String, lastName : String\n    [?] url? humans\n\n3 files are created :\n\n    create models/Human.js\n    create routes/Humans.routes.js\n    create controllers/HumansCtrl.js\n\n**Remark**: Each time, `./all.routes.js` file is automatically updated (to load all routes)\n\n###You need form and data table\n\n####1-create human form\n\nType `yo react-app:form HumanForm div Human` (where `HumanForm` is the React component Name, `div` the container tag, `Human` the associated model)\n\n    [?] model name (ie: Book) Human\n    [?] fields (for UI) (ie : title, author)? firstName, lastName\n    [?] url? humans\n\n- Fill the Model name (keep default value)\n- Fill the fields (same as Mongoose Schema)\n- Fill url (keep default value)\n\n1 new file is generated :\n\n    create public/js/components/HumanForm.js\n\n####2-create humans data table\n\nType `yo react-app:table HumansTable div Human`\n\n    [?] model name (ie: Book) Human\n    [?] fields (for UI) (ie : title, author)? firstName, lastName\n    [?] url? humans\n\n1 new file is generated :\n\n    create public/js/components/HumansTable.js\n\n####3-integrate our 2 components\n\nOpen `public/js/application/Application.js` and replace content with this :\n\n    /** @jsx React.DOM */\n    $(function() {\n       React.renderComponent(\n         <HumanForm id="human-form"/>,\n         document.querySelector(\'.humanform\')\n       );\n\n      React.renderComponent(\n        <HumansTable pollInterval={500} id="humans-table"/>,\n        document.querySelector(\'.humanstable\')\n      );\n    });\n\nThen open `public/index.html` and replace :\n\n    <div class="container">\n      <div class="row">\n        <div class="col-md-6 about_my_app">\n        </div>\n        <div class="col-md-6 about_how_to">\n        </div>\n      </div>\n    </div>\n\nby\n\n    <div class="container">\n      <div class="row">\n        <div class="col-md-6 humanform">\n        </div>\n        <div class="col-md-6 humanstable">\n        </div>\n      </div>\n    </div>\n\nYou can now re-start `node app.js`. That\'s All!\n\n##Other sub generators\n\n- List : `yo react-app:list HumansList div Human` create a list(`<ul></ul>`) linked to Human data\n- Tab : `yo react-app:tab ApplicationTab div` create a "Bootstrap" Tab (and tab panes) inside a container (ie:`div`)\n- Shell : `yo react-app:shell MyComponent div` create a React Component skeleton\n- **more to come** ... WIP\n\n**Remark**: all components are generated to the `public/js/components` directory. Each time, `public/js/components/all.components.js` file is automatically updated (to load components)\n\n###Shell sample :\n\n    /** @jsx React.DOM */\n    var MyComponent = React.createClass({\n\n      getInitialState: function() {\n        return {content:"..."};\n      },\n\n      componentWillMount: function() {},\n      componentDidMount: function() {},\n\n      render: function() {\n        return (\n          <div id={this.props.id}>\n            {this.state.content}\n          </div>\n        );\n      }\n    });\n\n####Use MyComponent :\n\n    /*--- javascript side ---*/\n    React.renderComponent(\n      <MyComponent id={something}/>,\n      document.querySelector(\'.mycomponent\')\n    );\n\n    <!-- html side -->\n    <div class="mycomponent"></div>\n\n###Put components inside Tab component\n\nThis is the `render` method of a Tab component :\n\n    render: function() {\n\n      return (\n        <div id={this.props.id}>\n\n          <ul className="nav nav-tabs">\n            <li><a href="#humanform" data-toggle="tab">HumanForm</a></li>\n            <li><a href="#humantable" data-toggle="tab">HumanTable</a></li>\n\n          </ul>\n\n          <div className="tab-content">\n            <div className="tab-pane" id="humanform">\n              <div className="container">content of HumanForm</div>\n            </div>\n            <div className="tab-pane" id="humantable">\n              <div className="container">content of HumanTable</div>\n            </div>\n\n          </div>\n        </div>\n      );\n    }\n\nIf you want to use our Form and Table components inside Tab component, it\'s simple, you have just to change panes content like that :\n\n    <div className="tab-content">\n      <div className="tab-pane" id="humanform">\n        <div className="container">\n          <HumanForm/>\n        </div>\n      </div>\n      <div className="tab-pane" id="humantable">\n        <div className="container">\n          <HumansTable pollIntervall={500}/>\n        </div>\n      </div>\n    </div>\n\nand replace source code of `Application.js` by this :\n\n    /** @jsx React.DOM */\n    $(function() {\n      React.renderComponent(\n        <ApplicationTab id="my-tab"/>,\n        document.querySelector(\'.applicationtab\')\n      );\n    });\n\nand update `index.html` :\n\nReplace\n\n    <div class="container">\n      <div class="row">\n        <div class="col-md-6 humanform">\n        </div>\n        <div class="col-md-6 humanstable">\n        </div>\n      </div>\n    </div>\n\nBy\n\n    <div class="container">\n      <div class="row applicationtab">\n      </div>\n    </div>\n\nThat\'s all\n\n## License\n\n[MIT License](http://en.wikipedia.org/wiki/MIT_License)\n',
144 silly publish   readmeFilename: 'README.md',
144 silly publish   _id: 'generator-react-app@0.0.0',
144 silly publish   dist: { shasum: '1200b4a9a41c4e46fa609347132c8e7009f7900f' },
144 silly publish   _from: '.' }
145 verbose url raw generator-react-app
146 verbose url resolving [ 'https://registry.npmjs.org/', './generator-react-app' ]
147 verbose url resolved https://registry.npmjs.org/generator-react-app
148 info trying registry request attempt 1 at 19:52:25
149 http PUT https://registry.npmjs.org/generator-react-app
150 http 409 https://registry.npmjs.org/generator-react-app
151 verbose url raw generator-react-app
152 verbose url resolving [ 'https://registry.npmjs.org/', './generator-react-app' ]
153 verbose url resolved https://registry.npmjs.org/generator-react-app
154 info trying registry request attempt 1 at 19:52:26
155 http GET https://registry.npmjs.org/generator-react-app
156 http 200 https://registry.npmjs.org/generator-react-app
157 error publish fail Cannot publish over existing version.
157 error publish fail Update the 'version' field in package.json and try again.
157 error publish fail
157 error publish fail If the previous version was published in error, see:
157 error publish fail     npm help unpublish
157 error publish fail
157 error publish fail To automatically increment version numbers, see:
157 error publish fail     npm help version
158 error System Darwin 13.0.0
159 error command "node" "/usr/local/bin/npm" "publish"
160 error cwd /Users/k33g_org/Dropbox/Public/generator-react-app
161 error node -v v0.10.21
162 error npm -v 1.3.11
163 error code EPUBLISHCONFLICT
164 verbose exit [ 1, true ]
